<?xml version="1.0" encoding="UTF-8"?>
<testng-results ignored="0" total="1" passed="0" failed="0" skipped="1">
  <reporter-output>
    <line>
      <![CDATA[The connection started]]>
    </line>
  </reporter-output>
  <suite started-at="2024-04-24T22:06:32 IST" name="Default suite" finished-at="2024-04-24T22:06:34 IST" duration-ms="1538">
    <groups>
    </groups>
    <test started-at="2024-04-24T22:06:32 IST" name="Default test" finished-at="2024-04-24T22:06:34 IST" duration-ms="1538">
      <class name="Ft.Read">
        <test-method is-config="true" signature="connection()[pri:0, instance:Ft.Read@6356695f]" started-at="2024-04-24T22:06:32 IST" name="connection" finished-at="2024-04-24T22:06:32 IST" duration-ms="6" status="PASS">
          <reporter-output>
            <line>
              <![CDATA[The connection started]]>
            </line>
          </reporter-output>
        </test-method> <!-- connection -->
        <test-method is-config="true" signature="url()[pri:0, instance:Ft.Read@6356695f]" started-at="2024-04-24T22:06:32 IST" name="url" finished-at="2024-04-24T22:06:34 IST" duration-ms="1506" status="FAIL">
          <exception class="java.io.FileNotFoundException">
            <message>
              <![CDATA[.\demowork1.properties (The system cannot find the file specified)]]>
            </message>
            <full-stacktrace>
              <![CDATA[java.io.FileNotFoundException: .\demowork1.properties (The system cannot find the file specified)
at java.base/java.io.FileInputStream.open0(Native Method)
at java.base/java.io.FileInputStream.open(FileInputStream.java:213)
at java.base/java.io.FileInputStream.<init>(FileInputStream.java:152)
at genericLib.Readthedata.Readtd(Readthedata.java:16)
at genericLib.Baseclass.url(Baseclass.java:68)
at java.base/jdk.internal.reflect.DirectMethodHandleAccessor.invoke(DirectMethodHandleAccessor.java:103)
at java.base/java.lang.reflect.Method.invoke(Method.java:580)
at org.testng.internal.MethodInvocationHelper.invokeMethod(MethodInvocationHelper.java:133)
at org.testng.internal.MethodInvocationHelper.invokeMethodConsideringTimeout(MethodInvocationHelper.java:62)
at org.testng.internal.ConfigInvoker.invokeConfigurationMethod(ConfigInvoker.java:385)
at org.testng.internal.ConfigInvoker.invokeConfigurations(ConfigInvoker.java:321)
at org.testng.TestRunner.invokeTestConfigurations(TestRunner.java:637)
at org.testng.TestRunner.beforeRun(TestRunner.java:627)
at org.testng.TestRunner.run(TestRunner.java:589)
at org.testng.SuiteRunner.runTest(SuiteRunner.java:377)
at org.testng.SuiteRunner.runSequentially(SuiteRunner.java:371)
at org.testng.SuiteRunner.privateRun(SuiteRunner.java:332)
at org.testng.SuiteRunner.run(SuiteRunner.java:276)
at org.testng.SuiteRunnerWorker.runSuite(SuiteRunnerWorker.java:53)
at org.testng.SuiteRunnerWorker.run(SuiteRunnerWorker.java:96)
at org.testng.TestNG.runSuitesSequentially(TestNG.java:1212)
at org.testng.TestNG.runSuitesLocally(TestNG.java:1134)
at org.testng.TestNG.runSuites(TestNG.java:1063)
at org.testng.TestNG.run(TestNG.java:1031)
at org.testng.remote.AbstractRemoteTestNG.run(AbstractRemoteTestNG.java:115)
at org.testng.remote.RemoteTestNG.initAndRun(RemoteTestNG.java:251)
at org.testng.remote.RemoteTestNG.main(RemoteTestNG.java:77)
]]>
            </full-stacktrace>
          </exception> <!-- java.io.FileNotFoundException -->
          <reporter-output>
          </reporter-output>
        </test-method> <!-- url -->
        <test-method is-config="true" signature="browsersetup(java.lang.String)[pri:0, instance:Ft.Read@6356695f]" started-at="2024-04-24T22:06:34 IST" name="browsersetup" finished-at="1970-01-01T05:30:00 IST" duration-ms="-1713976594412" status="SKIP">
          <reporter-output>
          </reporter-output>
        </test-method> <!-- browsersetup -->
        <test-method is-config="true" signature="meth()[pri:0, instance:Ft.Read@6356695f]" started-at="2024-04-24T22:06:34 IST" name="meth" finished-at="1970-01-01T05:30:00 IST" duration-ms="-1713976594420" status="SKIP">
          <reporter-output>
          </reporter-output>
        </test-method> <!-- meth -->
        <test-method signature="run()[pri:0, instance:Ft.Read@6356695f]" started-at="2024-04-24T22:06:34 IST" name="run" finished-at="2024-04-24T22:06:34 IST" duration-ms="0" status="SKIP">
          <exception class="java.io.FileNotFoundException">
            <message>
              <![CDATA[.\demowork1.properties (The system cannot find the file specified)]]>
            </message>
            <full-stacktrace>
              <![CDATA[java.io.FileNotFoundException: .\demowork1.properties (The system cannot find the file specified)
at java.base/java.io.FileInputStream.open0(Native Method)
at java.base/java.io.FileInputStream.open(FileInputStream.java:213)
at java.base/java.io.FileInputStream.<init>(FileInputStream.java:152)
at genericLib.Readthedata.Readtd(Readthedata.java:16)
at genericLib.Baseclass.url(Baseclass.java:68)
at java.base/jdk.internal.reflect.DirectMethodHandleAccessor.invoke(DirectMethodHandleAccessor.java:103)
at java.base/java.lang.reflect.Method.invoke(Method.java:580)
at org.testng.internal.MethodInvocationHelper.invokeMethod(MethodInvocationHelper.java:133)
at org.testng.internal.MethodInvocationHelper.invokeMethodConsideringTimeout(MethodInvocationHelper.java:62)
at org.testng.internal.ConfigInvoker.invokeConfigurationMethod(ConfigInvoker.java:385)
at org.testng.internal.ConfigInvoker.invokeConfigurations(ConfigInvoker.java:321)
at org.testng.TestRunner.invokeTestConfigurations(TestRunner.java:637)
at org.testng.TestRunner.beforeRun(TestRunner.java:627)
at org.testng.TestRunner.run(TestRunner.java:589)
at org.testng.SuiteRunner.runTest(SuiteRunner.java:377)
at org.testng.SuiteRunner.runSequentially(SuiteRunner.java:371)
at org.testng.SuiteRunner.privateRun(SuiteRunner.java:332)
at org.testng.SuiteRunner.run(SuiteRunner.java:276)
at org.testng.SuiteRunnerWorker.runSuite(SuiteRunnerWorker.java:53)
at org.testng.SuiteRunnerWorker.run(SuiteRunnerWorker.java:96)
at org.testng.TestNG.runSuitesSequentially(TestNG.java:1212)
at org.testng.TestNG.runSuitesLocally(TestNG.java:1134)
at org.testng.TestNG.runSuites(TestNG.java:1063)
at org.testng.TestNG.run(TestNG.java:1031)
at org.testng.remote.AbstractRemoteTestNG.run(AbstractRemoteTestNG.java:115)
at org.testng.remote.RemoteTestNG.initAndRun(RemoteTestNG.java:251)
at org.testng.remote.RemoteTestNG.main(RemoteTestNG.java:77)
]]>
            </full-stacktrace>
          </exception> <!-- java.io.FileNotFoundException -->
          <reporter-output>
          </reporter-output>
        </test-method> <!-- run -->
        <test-method is-config="true" signature="close(org.openqa.selenium.WebDriver)[pri:0, instance:Ft.Read@6356695f]" started-at="2024-04-24T22:06:34 IST" name="close" finished-at="1970-01-01T05:30:00 IST" duration-ms="-1713976594463" status="SKIP">
          <reporter-output>
          </reporter-output>
        </test-method> <!-- close -->
      </class> <!-- Ft.Read -->
    </test> <!-- Default test -->
  </suite> <!-- Default suite -->
</testng-results>
